  GameState.cpp
C:\Users\ethan\OneDrive\Desktop\School Work\ENgines\External\Bullet\BulletSoftBody\btSoftBody.h(38,50): warning C4305: 'initializing': truncation from 'double' to 'btScalar'
  (compiling source file '../06_HelloSimpleDraw/GameState.cpp')
  
C:\Users\ethan\OneDrive\Desktop\School Work\ENgines\External\Bullet\BulletSoftBody\btSoftBody.h(1232,17): warning C4244: 'initializing': conversion from 'double' to 'btScalar', possible loss of data
  (compiling source file '../06_HelloSimpleDraw/GameState.cpp')
  
C:\Users\ethan\OneDrive\Desktop\School Work\ENgines\External\Bullet\BulletSoftBody\btSoftBody.h(1357,21): warning C4244: '+=': conversion from 'double' to 'btScalar', possible loss of data
  (compiling source file '../06_HelloSimpleDraw/GameState.cpp')
  
C:\Users\ethan\OneDrive\Desktop\School Work\ENgines\External\Bullet\BulletSoftBody\btSoftBody.h(1361,21): warning C4244: 'initializing': conversion from 'double' to 'btScalar', possible loss of data
  (compiling source file '../06_HelloSimpleDraw/GameState.cpp')
  
C:\Users\ethan\OneDrive\Desktop\School Work\ENgines\External\Bullet\BulletSoftBody\btSoftBody.h(1385,20): warning C4244: '=': conversion from 'double' to 'btScalar', possible loss of data
  (compiling source file '../06_HelloSimpleDraw/GameState.cpp')
  
C:\Users\ethan\OneDrive\Desktop\School Work\ENgines\External\Bullet\BulletSoftBody\btSoftBody.h(1387,23): warning C4244: '=': conversion from 'double' to 'btScalar', possible loss of data
  (compiling source file '../06_HelloSimpleDraw/GameState.cpp')
  
C:\Users\ethan\OneDrive\Desktop\School Work\ENgines\VGP242\06_HelloSimpleDraw\GameState.cpp(106,31): warning C4244: 'argument': conversion from 'float' to 'int', possible loss of data
C:\Users\ethan\OneDrive\Desktop\School Work\ENgines\External\Bullet\BulletSoftBody\btSoftBody.h(1269,17): warning C4244: 'initializing': conversion from 'double' to 'btScalar', possible loss of data
  (compiling source file '../06_HelloSimpleDraw/GameState.cpp')
      C:\Users\ethan\OneDrive\Desktop\School Work\ENgines\External\Bullet\BulletSoftBody\btSoftBody.h(1269,17):
      the template instantiation context (the oldest one first) is
          C:\Users\ethan\OneDrive\Desktop\School Work\ENgines\External\Bullet\BulletSoftBody\btSoftBody.h(1303,4):
          see reference to function template instantiation 'void btSoftBody::updateFace<btDbvtNode>(DBVTNODE *,bool,bool)' being compiled
          with
          [
              DBVTNODE=btDbvtNode
          ]
  
  WinMain.cpp
C:\Users\ethan\OneDrive\Desktop\School Work\ENgines\External\Bullet\BulletSoftBody\btSoftBody.h(38,50): warning C4305: 'initializing': truncation from 'double' to 'btScalar'
  (compiling source file '../06_HelloSimpleDraw/WinMain.cpp')
  
C:\Users\ethan\OneDrive\Desktop\School Work\ENgines\External\Bullet\BulletSoftBody\btSoftBody.h(1232,17): warning C4244: 'initializing': conversion from 'double' to 'btScalar', possible loss of data
  (compiling source file '../06_HelloSimpleDraw/WinMain.cpp')
  
C:\Users\ethan\OneDrive\Desktop\School Work\ENgines\External\Bullet\BulletSoftBody\btSoftBody.h(1357,21): warning C4244: '+=': conversion from 'double' to 'btScalar', possible loss of data
  (compiling source file '../06_HelloSimpleDraw/WinMain.cpp')
  
C:\Users\ethan\OneDrive\Desktop\School Work\ENgines\External\Bullet\BulletSoftBody\btSoftBody.h(1361,21): warning C4244: 'initializing': conversion from 'double' to 'btScalar', possible loss of data
  (compiling source file '../06_HelloSimpleDraw/WinMain.cpp')
  
C:\Users\ethan\OneDrive\Desktop\School Work\ENgines\External\Bullet\BulletSoftBody\btSoftBody.h(1385,20): warning C4244: '=': conversion from 'double' to 'btScalar', possible loss of data
  (compiling source file '../06_HelloSimpleDraw/WinMain.cpp')
  
C:\Users\ethan\OneDrive\Desktop\School Work\ENgines\External\Bullet\BulletSoftBody\btSoftBody.h(1387,23): warning C4244: '=': conversion from 'double' to 'btScalar', possible loss of data
  (compiling source file '../06_HelloSimpleDraw/WinMain.cpp')
  
C:\Users\ethan\OneDrive\Desktop\School Work\ENgines\External\Bullet\BulletSoftBody\btSoftBody.h(1269,17): warning C4244: 'initializing': conversion from 'double' to 'btScalar', possible loss of data
  (compiling source file '../06_HelloSimpleDraw/WinMain.cpp')
      C:\Users\ethan\OneDrive\Desktop\School Work\ENgines\External\Bullet\BulletSoftBody\btSoftBody.h(1269,17):
      the template instantiation context (the oldest one first) is
          C:\Users\ethan\OneDrive\Desktop\School Work\ENgines\External\Bullet\BulletSoftBody\btSoftBody.h(1303,4):
          see reference to function template instantiation 'void btSoftBody::updateFace<btDbvtNode>(DBVTNODE *,bool,bool)' being compiled
          with
          [
              DBVTNODE=btDbvtNode
          ]
  
  Generating Code...
     Creating library C:\Users\ethan\OneDrive\Desktop\School Work\ENgines\x64\Debug\06_HelloSimpleDraw.lib and object C:\Users\ethan\OneDrive\Desktop\School Work\ENgines\x64\Debug\06_HelloSimpleDraw.exp
  06_HelloSimpleDraw.vcxproj -> C:\Users\ethan\OneDrive\Desktop\School Work\ENgines\x64\Debug\06_HelloSimpleDraw.exe
