c:\users\ethan\onedrive\desktop\school work\engines\vgp336\33_helloparry\x64\debug\vc143.pdb
c:\users\ethan\onedrive\desktop\school work\engines\vgp336\33_helloparry\x64\debug\vc143.idb
c:\users\ethan\onedrive\desktop\school work\engines\vgp336\33_helloparry\x64\debug\gamestate.obj
c:\users\ethan\onedrive\desktop\school work\engines\vgp336\33_helloparry\x64\debug\playercomponent.obj
c:\users\ethan\onedrive\desktop\school work\engines\vgp336\33_helloparry\x64\debug\winmain.obj
c:\users\ethan\onedrive\desktop\school work\engines\x64\debug\33_helloparry.exe
c:\users\ethan\onedrive\desktop\school work\engines\x64\debug\33_helloparry.pdb
c:\users\ethan\onedrive\desktop\school work\engines\x64\debug\33_helloparry.lib
c:\users\ethan\onedrive\desktop\school work\engines\x64\debug\33_helloparry.exp
c:\users\ethan\onedrive\desktop\school work\engines\vgp336\33_helloparry\x64\debug\33_helloparry.ilk
c:\users\ethan\onedrive\desktop\school work\engines\vgp336\33_helloparry\x64\debug\customdebugdrawcomponent.obj
c:\users\ethan\onedrive\desktop\school work\engines\vgp336\33_helloparry\x64\debug\customdebugdrawservice.obj
c:\users\ethan\onedrive\desktop\school work\engines\vgp336\33_helloparry\x64\debug\edittemplatestate.obj
c:\users\ethan\onedrive\desktop\school work\engines\vgp336\33_helloparry\x64\debug\33_helloparry.tlog\cl.command.1.tlog
c:\users\ethan\onedrive\desktop\school work\engines\vgp336\33_helloparry\x64\debug\33_helloparry.tlog\cl.items.tlog
c:\users\ethan\onedrive\desktop\school work\engines\vgp336\33_helloparry\x64\debug\33_helloparry.tlog\cl.read.1.tlog
c:\users\ethan\onedrive\desktop\school work\engines\vgp336\33_helloparry\x64\debug\33_helloparry.tlog\cl.write.1.tlog
c:\users\ethan\onedrive\desktop\school work\engines\vgp336\33_helloparry\x64\debug\33_helloparry.tlog\link.command.1.tlog
c:\users\ethan\onedrive\desktop\school work\engines\vgp336\33_helloparry\x64\debug\33_helloparry.tlog\link.read.1.tlog
c:\users\ethan\onedrive\desktop\school work\engines\vgp336\33_helloparry\x64\debug\33_helloparry.tlog\link.secondary.1.tlog
c:\users\ethan\onedrive\desktop\school work\engines\vgp336\33_helloparry\x64\debug\33_helloparry.tlog\link.write.1.tlog
