  Precompiled.cpp
  ENMath.cpp
C:\Users\LCV2312792\Desktop\GITHUB\Framework\Math\Src\ENMath.cpp(35,7): warning C4552: '-': result of expression not used
  (compiling source file '/Src/ENMath.cpp')
  
C:\Users\LCV2312792\Desktop\GITHUB\Framework\Math\Src\ENMath.cpp(96,56): warning C4244: 'initializing': conversion from 'double' to 'float', possible loss of data
  (compiling source file '/Src/ENMath.cpp')
  
C:\Users\LCV2312792\Desktop\GITHUB\Framework\Math\Src\ENMath.cpp(96,19): warning C4244: 'initializing': conversion from 'double' to 'const float', possible loss of data
  (compiling source file '/Src/ENMath.cpp')
  
C:\Users\LCV2312792\Desktop\GITHUB\Framework\Math\Src\ENMath.cpp(97,56): warning C4244: 'initializing': conversion from 'double' to 'float', possible loss of data
  (compiling source file '/Src/ENMath.cpp')
  
C:\Users\LCV2312792\Desktop\GITHUB\Framework\Math\Src\ENMath.cpp(97,19): warning C4244: 'initializing': conversion from 'double' to 'const float', possible loss of data
  (compiling source file '/Src/ENMath.cpp')
  
C:\Users\LCV2312792\Desktop\GITHUB\Framework\Math\Src\ENMath.cpp(98,57): warning C4244: 'initializing': conversion from 'double' to 'float', possible loss of data
  (compiling source file '/Src/ENMath.cpp')
  
C:\Users\LCV2312792\Desktop\GITHUB\Framework\Math\Src\ENMath.cpp(98,19): warning C4244: 'initializing': conversion from 'double' to 'const float', possible loss of data
  (compiling source file '/Src/ENMath.cpp')
  
C:\Users\LCV2312792\Desktop\GITHUB\Framework\Math\Src\ENMath.cpp(99,57): warning C4244: 'initializing': conversion from 'double' to 'float', possible loss of data
  (compiling source file '/Src/ENMath.cpp')
  
C:\Users\LCV2312792\Desktop\GITHUB\Framework\Math\Src\ENMath.cpp(99,19): warning C4244: 'initializing': conversion from 'double' to 'const float', possible loss of data
  (compiling source file '/Src/ENMath.cpp')
  
  Math.vcxproj -> C:\Users\LCV2312792\Desktop\GITHUB\x64\Debug\Math.lib
