C:\Users\ethan\OneDrive\Desktop\School Work\ENgines\VSProps\ENgines.props(4,5): warning MSB4011: "C:\Users\ethan\OneDrive\Desktop\School Work\ENgines\VSProps\Common\Common.props" cannot be imported again. It was already imported at "C:\Users\ethan\OneDrive\Desktop\School Work\ENgines\VSProps\FrameworkLib.props (4,3)". This is most likely a build authoring error. This subsequent import will be ignored. [C:\Users\ethan\OneDrive\Desktop\School Work\ENgines\Framework\Core\Core.vcxproj]
  main.cpp
C:\Users\ethan\OneDrive\Desktop\School Work\ENgines\External\Bullet\BulletSoftBody\btSoftBody.h(38,50): warning C4305: 'initializing': truncation from 'double' to 'btScalar'
  (compiling source file 'main.cpp')
  
C:\Users\ethan\OneDrive\Desktop\School Work\ENgines\External\Bullet\BulletSoftBody\btSoftBody.h(1232,17): warning C4244: 'initializing': conversion from 'double' to 'btScalar', possible loss of data
  (compiling source file 'main.cpp')
  
C:\Users\ethan\OneDrive\Desktop\School Work\ENgines\External\Bullet\BulletSoftBody\btSoftBody.h(1357,21): warning C4244: '+=': conversion from 'double' to 'btScalar', possible loss of data
  (compiling source file 'main.cpp')
  
C:\Users\ethan\OneDrive\Desktop\School Work\ENgines\External\Bullet\BulletSoftBody\btSoftBody.h(1361,21): warning C4244: 'initializing': conversion from 'double' to 'btScalar', possible loss of data
  (compiling source file 'main.cpp')
  
C:\Users\ethan\OneDrive\Desktop\School Work\ENgines\External\Bullet\BulletSoftBody\btSoftBody.h(1385,20): warning C4244: '=': conversion from 'double' to 'btScalar', possible loss of data
  (compiling source file 'main.cpp')
  
C:\Users\ethan\OneDrive\Desktop\School Work\ENgines\External\Bullet\BulletSoftBody\btSoftBody.h(1387,23): warning C4244: '=': conversion from 'double' to 'btScalar', possible loss of data
  (compiling source file 'main.cpp')
  
C:\Users\ethan\OneDrive\Desktop\School Work\ENgines\Tools\ModelImporter\main.cpp(85,21): warning C4244: '=': conversion from 'double' to 'float', possible loss of data
C:\Users\ethan\OneDrive\Desktop\School Work\ENgines\Tools\ModelImporter\main.cpp(144,4): warning C4018: '<': signed/unsigned mismatch
C:\Users\ethan\OneDrive\Desktop\School Work\ENgines\External\Bullet\BulletSoftBody\btSoftBody.h(1269,17): warning C4244: 'initializing': conversion from 'double' to 'btScalar', possible loss of data
  (compiling source file 'main.cpp')
      C:\Users\ethan\OneDrive\Desktop\School Work\ENgines\External\Bullet\BulletSoftBody\btSoftBody.h(1269,17):
      the template instantiation context (the oldest one first) is
          C:\Users\ethan\OneDrive\Desktop\School Work\ENgines\External\Bullet\BulletSoftBody\btSoftBody.h(1303,4):
          see reference to function template instantiation 'void btSoftBody::updateFace<btDbvtNode>(DBVTNODE *,bool,bool)' being compiled
          with
          [
              DBVTNODE=btDbvtNode
          ]
  
  ModelImporter.vcxproj -> C:\Users\ethan\OneDrive\Desktop\School Work\ENgines\x64\Debug\ModelImporter.exe
  C:\Users\ethan\OneDrive\Desktop\School Work\ENgines\External\assimp-5.2.5\bin\assimp-vc143-mt.dll
  C:\Users\ethan\OneDrive\Desktop\School Work\ENgines\External\assimp-5.2.5\bin\assimp-vc143-mtd.dll
          2 file(s) copied.
