  ShapeState.cpp
C:\Users\ethan\OneDrive\Desktop\School Work\ENgines\Framework\Graphics\Inc\Model.h(27,19): error C2065: 'Skeleton': undeclared identifier
  (compiling source file 'ShapeState.cpp')
  
C:\Users\ethan\OneDrive\Desktop\School Work\ENgines\Framework\Graphics\Inc\Model.h(27,8): error C2923: 'std::unique_ptr': 'Skeleton' is not a valid template type argument for parameter '_Ty'
  (compiling source file 'ShapeState.cpp')
      C:\Users\ethan\OneDrive\Desktop\School Work\ENgines\Framework\Graphics\Inc\Model.h(27,19):
      see declaration of 'Skeleton'
  
C:\Users\ethan\OneDrive\Desktop\School Work\ENgines\Framework\Graphics\Inc\Model.h(27,8): error C2976: 'std::unique_ptr': too few template arguments
  (compiling source file 'ShapeState.cpp')
      C:\Program Files\Microsoft Visual Studio\2022\Community\VC\Tools\MSVC\14.41.34120\include\memory(3335,7):
      see declaration of 'std::unique_ptr'
  
C:\Users\ethan\OneDrive\Desktop\School Work\ENgines\Framework\Graphics\Inc\Model.h(27,29): error C2955: 'std::unique_ptr': use of class template requires template argument list
  (compiling source file 'ShapeState.cpp')
      C:\Program Files\Microsoft Visual Studio\2022\Community\VC\Tools\MSVC\14.41.34120\include\memory(3335,7):
      see declaration of 'std::unique_ptr'
  
C:\Users\ethan\OneDrive\Desktop\School Work\ENgines\VGP242\03_HelloCube\ShapeState.cpp(72,73): warning C4267: 'argument': conversion from 'size_t' to 'uint32_t', possible loss of data
  WinMain.cpp
C:\Users\ethan\OneDrive\Desktop\School Work\ENgines\Framework\Graphics\Inc\Model.h(27,19): error C2065: 'Skeleton': undeclared identifier
  (compiling source file '../../VGP242/03_HelloCube/WinMain.cpp')
  
C:\Users\ethan\OneDrive\Desktop\School Work\ENgines\Framework\Graphics\Inc\Model.h(27,8): error C2923: 'std::unique_ptr': 'Skeleton' is not a valid template type argument for parameter '_Ty'
  (compiling source file '../../VGP242/03_HelloCube/WinMain.cpp')
      C:\Users\ethan\OneDrive\Desktop\School Work\ENgines\Framework\Graphics\Inc\Model.h(27,19):
      see declaration of 'Skeleton'
  
C:\Users\ethan\OneDrive\Desktop\School Work\ENgines\Framework\Graphics\Inc\Model.h(27,8): error C2976: 'std::unique_ptr': too few template arguments
  (compiling source file '../../VGP242/03_HelloCube/WinMain.cpp')
      C:\Program Files\Microsoft Visual Studio\2022\Community\VC\Tools\MSVC\14.41.34120\include\memory(3335,7):
      see declaration of 'std::unique_ptr'
  
C:\Users\ethan\OneDrive\Desktop\School Work\ENgines\Framework\Graphics\Inc\Model.h(27,29): error C2955: 'std::unique_ptr': use of class template requires template argument list
  (compiling source file '../../VGP242/03_HelloCube/WinMain.cpp')
      C:\Program Files\Microsoft Visual Studio\2022\Community\VC\Tools\MSVC\14.41.34120\include\memory(3335,7):
      see declaration of 'std::unique_ptr'
  
  Generating Code...
