c:\users\ethan\onedrive\desktop\school work\engines\engines\vgp330\10_hellolighting\x64\debug\vc143.pdb
c:\users\ethan\onedrive\desktop\school work\engines\engines\vgp330\10_hellolighting\x64\debug\vc143.idb
c:\users\ethan\onedrive\desktop\school work\engines\engines\vgp330\10_hellolighting\x64\debug\winmain.obj
c:\users\ethan\onedrive\desktop\school work\engines\engines\vgp330\10_hellolighting\x64\debug\gamestate.obj
c:\users\ethan\onedrive\desktop\school work\engines\engines\vgp330\10_hellolighting\x64\debug\10_hellolighting.ilk
c:\users\ethan\onedrive\desktop\school work\engines\engines\x64\debug\10_hellolighting.pdb
c:\users\ethan\onedrive\desktop\school work\engines\engines\vgp330\10_hellolighting\x64\debug\10_hellolighting.tlog\cl.command.1.tlog
c:\users\ethan\onedrive\desktop\school work\engines\engines\vgp330\10_hellolighting\x64\debug\10_hellolighting.tlog\cl.items.tlog
c:\users\ethan\onedrive\desktop\school work\engines\engines\vgp330\10_hellolighting\x64\debug\10_hellolighting.tlog\cl.read.1.tlog
c:\users\ethan\onedrive\desktop\school work\engines\engines\vgp330\10_hellolighting\x64\debug\10_hellolighting.tlog\cl.write.1.tlog
c:\users\ethan\onedrive\desktop\school work\engines\engines\vgp330\10_hellolighting\x64\debug\10_hellolighting.tlog\link-cvtres.read.1.tlog
c:\users\ethan\onedrive\desktop\school work\engines\engines\vgp330\10_hellolighting\x64\debug\10_hellolighting.tlog\link-cvtres.write.1.tlog
c:\users\ethan\onedrive\desktop\school work\engines\engines\vgp330\10_hellolighting\x64\debug\10_hellolighting.tlog\link-rc.read.1.tlog
c:\users\ethan\onedrive\desktop\school work\engines\engines\vgp330\10_hellolighting\x64\debug\10_hellolighting.tlog\link-rc.write.1.tlog
c:\users\ethan\onedrive\desktop\school work\engines\engines\vgp330\10_hellolighting\x64\debug\10_hellolighting.tlog\link.command.1.tlog
c:\users\ethan\onedrive\desktop\school work\engines\engines\vgp330\10_hellolighting\x64\debug\10_hellolighting.tlog\link.read.1.tlog
c:\users\ethan\onedrive\desktop\school work\engines\engines\vgp330\10_hellolighting\x64\debug\10_hellolighting.tlog\link.read.2.tlog
c:\users\ethan\onedrive\desktop\school work\engines\engines\vgp330\10_hellolighting\x64\debug\10_hellolighting.tlog\link.read.3.tlog
c:\users\ethan\onedrive\desktop\school work\engines\engines\vgp330\10_hellolighting\x64\debug\10_hellolighting.tlog\link.read.4.tlog
c:\users\ethan\onedrive\desktop\school work\engines\engines\vgp330\10_hellolighting\x64\debug\10_hellolighting.tlog\link.secondary.1.tlog
c:\users\ethan\onedrive\desktop\school work\engines\engines\vgp330\10_hellolighting\x64\debug\10_hellolighting.tlog\link.write.1.tlog
