c:\users\ethan\onedrive\desktop\school work\engines\x64\debug\engines.pdb
c:\users\ethan\onedrive\desktop\school work\engines\x64\debug\engines.idb
c:\users\ethan\onedrive\desktop\school work\engines\engine\engines\x64\debug\transformcomponent.obj
c:\users\ethan\onedrive\desktop\school work\engines\engine\engines\x64\debug\rigidbodycomponent.obj
c:\users\ethan\onedrive\desktop\school work\engines\engine\engines\x64\debug\renderservice.obj
c:\users\ethan\onedrive\desktop\school work\engines\engine\engines\x64\debug\gameobjectfactory.obj
c:\users\ethan\onedrive\desktop\school work\engines\engine\engines\x64\debug\engines.obj
c:\users\ethan\onedrive\desktop\school work\engines\engine\engines\x64\debug\uitextcomponent.obj
c:\users\ethan\onedrive\desktop\school work\engines\engine\engines\x64\debug\uispritecomponent.obj
c:\users\ethan\onedrive\desktop\school work\engines\engine\engines\x64\debug\uibuttoncomponent.obj
c:\users\ethan\onedrive\desktop\school work\engines\engine\engines\x64\debug\renderobjectcomponent.obj
c:\users\ethan\onedrive\desktop\school work\engines\engine\engines\x64\debug\gameworld.obj
c:\users\ethan\onedrive\desktop\school work\engines\engine\engines\x64\debug\cameracomponent.obj
c:\users\ethan\onedrive\desktop\school work\engines\engine\engines\x64\debug\engines.pch
c:\users\ethan\onedrive\desktop\school work\engines\engine\engines\x64\debug\precompiled.obj
c:\users\ethan\onedrive\desktop\school work\engines\engine\engines\x64\debug\soundeffectcomponent.obj
c:\users\ethan\onedrive\desktop\school work\engines\engine\engines\x64\debug\soundbankcomponent.obj
c:\users\ethan\onedrive\desktop\school work\engines\engine\engines\x64\debug\physicsservice.obj
c:\users\ethan\onedrive\desktop\school work\engines\engine\engines\x64\debug\modelcomponent.obj
c:\users\ethan\onedrive\desktop\school work\engines\engine\engines\x64\debug\meshcomponent.obj
c:\users\ethan\onedrive\desktop\school work\engines\engine\engines\x64\debug\gameobject.obj
c:\users\ethan\onedrive\desktop\school work\engines\engine\engines\x64\debug\fpscameracomponent.obj
c:\users\ethan\onedrive\desktop\school work\engines\engine\engines\x64\debug\eventmanager.obj
c:\users\ethan\onedrive\desktop\school work\engines\engine\engines\x64\debug\cameraservice.obj
c:\users\ethan\onedrive\desktop\school work\engines\engine\engines\x64\debug\app.obj
c:\users\ethan\onedrive\desktop\school work\engines\engine\engines\x64\debug\animatorcomponent.obj
c:\users\ethan\onedrive\desktop\school work\engines\engine\engines\x64\debug\uirenderservice.obj
c:\users\ethan\onedrive\desktop\school work\engines\x64\debug\engines.lib
c:\users\ethan\onedrive\desktop\school work\engines\engine\engines\x64\debug\engines.tlog\cl.command.1.tlog
c:\users\ethan\onedrive\desktop\school work\engines\engine\engines\x64\debug\engines.tlog\cl.items.tlog
c:\users\ethan\onedrive\desktop\school work\engines\engine\engines\x64\debug\engines.tlog\cl.read.1.tlog
c:\users\ethan\onedrive\desktop\school work\engines\engine\engines\x64\debug\engines.tlog\cl.write.1.tlog
c:\users\ethan\onedrive\desktop\school work\engines\engine\engines\x64\debug\engines.tlog\lib-link.read.1.tlog
c:\users\ethan\onedrive\desktop\school work\engines\engine\engines\x64\debug\engines.tlog\lib-link.write.1.tlog
c:\users\ethan\onedrive\desktop\school work\engines\engine\engines\x64\debug\engines.tlog\lib.command.1.tlog
