  GameState.cpp
C:\Users\ethan\OneDrive\Desktop\School Work\ENgines\Framework\Graphics\Inc\AnimationBuilder.h(13,4): error C3409: empty attribute block is not allowed
  (compiling source file '../../VGP330/13_HelloPostProcessing/GameState.cpp')
  
C:\Users\ethan\OneDrive\Desktop\School Work\ENgines\Framework\Graphics\Inc\AnimationBuilder.h(13,4): error C2143: syntax error: missing ']' before '('
  (compiling source file '../../VGP330/13_HelloPostProcessing/GameState.cpp')
  
C:\Users\ethan\OneDrive\Desktop\School Work\ENgines\Framework\Graphics\Inc\AnimationBuilder.h(13,15): error C2143: syntax error: missing ';' before ']'
  (compiling source file '../../VGP330/13_HelloPostProcessing/GameState.cpp')
  
C:\Users\ethan\OneDrive\Desktop\School Work\ENgines\Framework\Graphics\Inc\AnimationBuilder.h(13,5): error C4430: missing type specifier - int assumed. Note: C++ does not support default-int
  (compiling source file '../../VGP330/13_HelloPostProcessing/GameState.cpp')
  
C:\Users\ethan\OneDrive\Desktop\School Work\ENgines\Framework\Graphics\Inc\AnimationBuilder.h(13,34): error C2238: unexpected token(s) preceding ';'
  (compiling source file '../../VGP330/13_HelloPostProcessing/GameState.cpp')
  
C:\Users\ethan\OneDrive\Desktop\School Work\ENgines\Framework\Graphics\Inc\AnimationBuilder.h(14,9): error C2059: syntax error: ':'
  (compiling source file '../../VGP330/13_HelloPostProcessing/GameState.cpp')
  
C:\Users\ethan\OneDrive\Desktop\School Work\ENgines\Framework\Graphics\Inc\AnimationBuilder.h(14,9): error C2334: unexpected token(s) preceding ':'; skipping apparent function body
  (compiling source file '../../VGP330/13_HelloPostProcessing/GameState.cpp')
  
C:\Users\ethan\OneDrive\Desktop\School Work\ENgines\Framework\Input\Inc\InputTypes.h(3,20): error C2039: 'Input': is not a member of 'ENgines'
  (compiling source file '../../VGP330/13_HelloPostProcessing/GameState.cpp')
      C:\Users\ethan\OneDrive\Desktop\School Work\ENgines\Framework\Graphics\Inc\AnimationBuilder.h(4,11):
      see declaration of 'ENgines'
  
C:\Users\ethan\OneDrive\Desktop\School Work\ENgines\Framework\Input\Inc\InputTypes.h(3,20): error C2146: syntax error: missing ';' before identifier 'Input'
  (compiling source file '../../VGP330/13_HelloPostProcessing/GameState.cpp')
  
C:\Users\ethan\OneDrive\Desktop\School Work\ENgines\Framework\Input\Inc\InputTypes.h(3,20): error C4430: missing type specifier - int assumed. Note: C++ does not support default-int
  (compiling source file '../../VGP330/13_HelloPostProcessing/GameState.cpp')
  
C:\Users\ethan\OneDrive\Desktop\School Work\ENgines\Framework\Input\Inc\InputTypes.h(5,13): error C2059: syntax error: 'enum [tag]'
  (compiling source file '../../VGP330/13_HelloPostProcessing/GameState.cpp')
  
C:\Users\ethan\OneDrive\Desktop\School Work\ENgines\Framework\Input\Inc\InputTypes.h(5,23): error C2059: syntax error: 'function-style cast'
  (compiling source file '../../VGP330/13_HelloPostProcessing/GameState.cpp')
  
C:\Users\ethan\OneDrive\Desktop\School Work\ENgines\Framework\Input\Inc\InputTypes.h(6,2): error C2143: syntax error: missing ';' before '{'
  (compiling source file '../../VGP330/13_HelloPostProcessing/GameState.cpp')
  
C:\Users\ethan\OneDrive\Desktop\School Work\ENgines\Framework\Input\Inc\InputTypes.h(6,2): error C2447: '{': missing function header (old-style formal list?)
  (compiling source file '../../VGP330/13_HelloPostProcessing/GameState.cpp')
  
C:\Users\ethan\OneDrive\Desktop\School Work\ENgines\Framework\Input\Inc\InputSystem.h(26,18): error C2061: syntax error: identifier 'KeyCode'
  (compiling source file '../../VGP330/13_HelloPostProcessing/GameState.cpp')
  
C:\Users\ethan\OneDrive\Desktop\School Work\ENgines\Framework\Input\Inc\InputSystem.h(27,21): error C2061: syntax error: identifier 'KeyCode'
  (compiling source file '../../VGP330/13_HelloPostProcessing/GameState.cpp')
  
C:\Users\ethan\OneDrive\Desktop\School Work\ENgines\Framework\Input\Inc\InputSystem.h(29,20): error C2061: syntax error: identifier 'MouseButton'
  (compiling source file '../../VGP330/13_HelloPostProcessing/GameState.cpp')
  
C:\Users\ethan\OneDrive\Desktop\School Work\ENgines\Framework\Input\Inc\InputSystem.h(30,23): error C2061: syntax error: identifier 'MouseButton'
  (compiling source file '../../VGP330/13_HelloPostProcessing/GameState.cpp')
  
C:\Users\ethan\OneDrive\Desktop\School Work\ENgines\VGP330\13_HelloPostProcessing\GameState.cpp(69,44): error C2653: 'KeyCode': is not a class or namespace name
C:\Users\ethan\OneDrive\Desktop\School Work\ENgines\VGP330\13_HelloPostProcessing\GameState.cpp(69,53): error C2065: 'LSHIFT': undeclared identifier
C:\Users\ethan\OneDrive\Desktop\School Work\ENgines\VGP330\13_HelloPostProcessing\GameState.cpp(69,14): error C2737: 'moveSpeed': const object must be initialized
C:\Users\ethan\OneDrive\Desktop\School Work\ENgines\VGP330\13_HelloPostProcessing\GameState.cpp(71,23): error C2653: 'KeyCode': is not a class or namespace name
C:\Users\ethan\OneDrive\Desktop\School Work\ENgines\VGP330\13_HelloPostProcessing\GameState.cpp(71,32): error C2065: 'W': undeclared identifier
C:\Users\ethan\OneDrive\Desktop\School Work\ENgines\VGP330\13_HelloPostProcessing\GameState.cpp(75,28): error C2653: 'KeyCode': is not a class or namespace name
C:\Users\ethan\OneDrive\Desktop\School Work\ENgines\VGP330\13_HelloPostProcessing\GameState.cpp(75,37): error C2065: 'S': undeclared identifier
C:\Users\ethan\OneDrive\Desktop\School Work\ENgines\VGP330\13_HelloPostProcessing\GameState.cpp(79,23): error C2653: 'KeyCode': is not a class or namespace name
C:\Users\ethan\OneDrive\Desktop\School Work\ENgines\VGP330\13_HelloPostProcessing\GameState.cpp(79,32): error C2065: 'D': undeclared identifier
C:\Users\ethan\OneDrive\Desktop\School Work\ENgines\VGP330\13_HelloPostProcessing\GameState.cpp(83,28): error C2653: 'KeyCode': is not a class or namespace name
C:\Users\ethan\OneDrive\Desktop\School Work\ENgines\VGP330\13_HelloPostProcessing\GameState.cpp(83,37): error C2065: 'A': undeclared identifier
C:\Users\ethan\OneDrive\Desktop\School Work\ENgines\VGP330\13_HelloPostProcessing\GameState.cpp(87,23): error C2653: 'KeyCode': is not a class or namespace name
C:\Users\ethan\OneDrive\Desktop\School Work\ENgines\VGP330\13_HelloPostProcessing\GameState.cpp(87,32): error C2065: 'E': undeclared identifier
C:\Users\ethan\OneDrive\Desktop\School Work\ENgines\VGP330\13_HelloPostProcessing\GameState.cpp(91,28): error C2653: 'KeyCode': is not a class or namespace name
C:\Users\ethan\OneDrive\Desktop\School Work\ENgines\VGP330\13_HelloPostProcessing\GameState.cpp(91,37): error C2065: 'Q': undeclared identifier
C:\Users\ethan\OneDrive\Desktop\School Work\ENgines\VGP330\13_HelloPostProcessing\GameState.cpp(95,13): error C2660: 'ENgines::Input::InputSystem::IsMouseDown': function does not take 1 arguments
      C:\Users\ethan\OneDrive\Desktop\School Work\ENgines\Framework\Input\Inc\InputSystem.h(29,8):
      see declaration of 'ENgines::Input::InputSystem::IsMouseDown'
      C:\Users\ethan\OneDrive\Desktop\School Work\ENgines\VGP330\13_HelloPostProcessing\GameState.cpp(95,13):
      while trying to match the argument list '(ENgines::Graphics::MouseButton)'
  
  WinMain.cpp
C:\Users\ethan\OneDrive\Desktop\School Work\ENgines\Framework\Graphics\Inc\AnimationBuilder.h(13,4): error C3409: empty attribute block is not allowed
  (compiling source file '../../VGP330/13_HelloPostProcessing/WinMain.cpp')
  
C:\Users\ethan\OneDrive\Desktop\School Work\ENgines\Framework\Graphics\Inc\AnimationBuilder.h(13,4): error C2143: syntax error: missing ']' before '('
  (compiling source file '../../VGP330/13_HelloPostProcessing/WinMain.cpp')
  
C:\Users\ethan\OneDrive\Desktop\School Work\ENgines\Framework\Graphics\Inc\AnimationBuilder.h(13,15): error C2143: syntax error: missing ';' before ']'
  (compiling source file '../../VGP330/13_HelloPostProcessing/WinMain.cpp')
  
C:\Users\ethan\OneDrive\Desktop\School Work\ENgines\Framework\Graphics\Inc\AnimationBuilder.h(13,5): error C4430: missing type specifier - int assumed. Note: C++ does not support default-int
  (compiling source file '../../VGP330/13_HelloPostProcessing/WinMain.cpp')
  
C:\Users\ethan\OneDrive\Desktop\School Work\ENgines\Framework\Graphics\Inc\AnimationBuilder.h(13,34): error C2238: unexpected token(s) preceding ';'
  (compiling source file '../../VGP330/13_HelloPostProcessing/WinMain.cpp')
  
C:\Users\ethan\OneDrive\Desktop\School Work\ENgines\Framework\Graphics\Inc\AnimationBuilder.h(14,9): error C2059: syntax error: ':'
  (compiling source file '../../VGP330/13_HelloPostProcessing/WinMain.cpp')
  
C:\Users\ethan\OneDrive\Desktop\School Work\ENgines\Framework\Graphics\Inc\AnimationBuilder.h(14,9): error C2334: unexpected token(s) preceding ':'; skipping apparent function body
  (compiling source file '../../VGP330/13_HelloPostProcessing/WinMain.cpp')
  
C:\Users\ethan\OneDrive\Desktop\School Work\ENgines\Framework\Input\Inc\InputTypes.h(3,20): error C2039: 'Input': is not a member of 'ENgines'
  (compiling source file '../../VGP330/13_HelloPostProcessing/WinMain.cpp')
      C:\Users\ethan\OneDrive\Desktop\School Work\ENgines\Framework\Graphics\Inc\AnimationBuilder.h(4,11):
      see declaration of 'ENgines'
  
C:\Users\ethan\OneDrive\Desktop\School Work\ENgines\Framework\Input\Inc\InputTypes.h(3,20): error C2146: syntax error: missing ';' before identifier 'Input'
  (compiling source file '../../VGP330/13_HelloPostProcessing/WinMain.cpp')
  
C:\Users\ethan\OneDrive\Desktop\School Work\ENgines\Framework\Input\Inc\InputTypes.h(3,20): error C4430: missing type specifier - int assumed. Note: C++ does not support default-int
  (compiling source file '../../VGP330/13_HelloPostProcessing/WinMain.cpp')
  
C:\Users\ethan\OneDrive\Desktop\School Work\ENgines\Framework\Input\Inc\InputTypes.h(5,13): error C2059: syntax error: 'enum [tag]'
  (compiling source file '../../VGP330/13_HelloPostProcessing/WinMain.cpp')
  
C:\Users\ethan\OneDrive\Desktop\School Work\ENgines\Framework\Input\Inc\InputTypes.h(5,23): error C2059: syntax error: 'function-style cast'
  (compiling source file '../../VGP330/13_HelloPostProcessing/WinMain.cpp')
  
C:\Users\ethan\OneDrive\Desktop\School Work\ENgines\Framework\Input\Inc\InputTypes.h(6,2): error C2143: syntax error: missing ';' before '{'
  (compiling source file '../../VGP330/13_HelloPostProcessing/WinMain.cpp')
  
C:\Users\ethan\OneDrive\Desktop\School Work\ENgines\Framework\Input\Inc\InputTypes.h(6,2): error C2447: '{': missing function header (old-style formal list?)
  (compiling source file '../../VGP330/13_HelloPostProcessing/WinMain.cpp')
  
C:\Users\ethan\OneDrive\Desktop\School Work\ENgines\Framework\Input\Inc\InputSystem.h(26,18): error C2061: syntax error: identifier 'KeyCode'
  (compiling source file '../../VGP330/13_HelloPostProcessing/WinMain.cpp')
  
C:\Users\ethan\OneDrive\Desktop\School Work\ENgines\Framework\Input\Inc\InputSystem.h(27,21): error C2061: syntax error: identifier 'KeyCode'
  (compiling source file '../../VGP330/13_HelloPostProcessing/WinMain.cpp')
  
C:\Users\ethan\OneDrive\Desktop\School Work\ENgines\Framework\Input\Inc\InputSystem.h(29,20): error C2061: syntax error: identifier 'MouseButton'
  (compiling source file '../../VGP330/13_HelloPostProcessing/WinMain.cpp')
  
C:\Users\ethan\OneDrive\Desktop\School Work\ENgines\Framework\Input\Inc\InputSystem.h(30,23): error C2061: syntax error: identifier 'MouseButton'
  (compiling source file '../../VGP330/13_HelloPostProcessing/WinMain.cpp')
  
  Generating Code...
