C:\Users\LCV2312792\Desktop\GITHUB\VSProps\ENgines.props(4,5): warning MSB4011: "C:\Users\LCV2312792\Desktop\GITHUB\VSProps\Common\Common.props" cannot be imported again. It was already imported at "C:\Users\LCV2312792\Desktop\GITHUB\VSProps\FrameworkLib.props (4,3)". This is most likely a build authoring error. This subsequent import will be ignored. [C:\Users\LCV2312792\Desktop\GITHUB\Framework\Core\Core.vcxproj]
  GameState.cpp
C:\Users\LCV2312792\Desktop\GITHUB\External\Bullet\BulletSoftBody\btSoftBody.h(38,50): warning C4305: 'initializing': truncation from 'double' to 'btScalar'
  (compiling source file 'GameState.cpp')
  
C:\Users\LCV2312792\Desktop\GITHUB\External\Bullet\BulletSoftBody\btSoftBody.h(1232,17): warning C4244: 'initializing': conversion from 'double' to 'btScalar', possible loss of data
  (compiling source file 'GameState.cpp')
  
C:\Users\LCV2312792\Desktop\GITHUB\External\Bullet\BulletSoftBody\btSoftBody.h(1357,21): warning C4244: '+=': conversion from 'double' to 'btScalar', possible loss of data
  (compiling source file 'GameState.cpp')
  
C:\Users\LCV2312792\Desktop\GITHUB\External\Bullet\BulletSoftBody\btSoftBody.h(1361,21): warning C4244: 'initializing': conversion from 'double' to 'btScalar', possible loss of data
  (compiling source file 'GameState.cpp')
  
C:\Users\LCV2312792\Desktop\GITHUB\External\Bullet\BulletSoftBody\btSoftBody.h(1385,20): warning C4244: '=': conversion from 'double' to 'btScalar', possible loss of data
  (compiling source file 'GameState.cpp')
  
C:\Users\LCV2312792\Desktop\GITHUB\External\Bullet\BulletSoftBody\btSoftBody.h(1387,23): warning C4244: '=': conversion from 'double' to 'btScalar', possible loss of data
  (compiling source file 'GameState.cpp')
  
C:\Users\LCV2312792\Desktop\GITHUB\VGP334\23_HelloSoftBodyPhysics\GameState.cpp(48,22): warning C4267: 'initializing': conversion from 'size_t' to 'uint32_t', possible loss of data
C:\Users\LCV2312792\Desktop\GITHUB\VGP334\23_HelloSoftBodyPhysics\GameState.cpp(53,53): warning C4267: 'argument': conversion from 'size_t' to 'uint32_t', possible loss of data
C:\Users\LCV2312792\Desktop\GITHUB\VGP334\23_HelloSoftBodyPhysics\GameState.cpp(52,80): warning C4267: 'argument': conversion from 'size_t' to 'uint32_t', possible loss of data
C:\Users\LCV2312792\Desktop\GITHUB\VGP334\23_HelloSoftBodyPhysics\GameState.cpp(127,79): warning C4267: 'argument': conversion from 'size_t' to 'uint32_t', possible loss of data
C:\Users\LCV2312792\Desktop\GITHUB\External\Bullet\BulletSoftBody\btSoftBody.h(1269,17): warning C4244: 'initializing': conversion from 'double' to 'btScalar', possible loss of data
  (compiling source file 'GameState.cpp')
  C:\Users\LCV2312792\Desktop\GITHUB\External\Bullet\BulletSoftBody\btSoftBody.h(1269,17):
  the template instantiation context (the oldest one first) is
  	C:\Users\LCV2312792\Desktop\GITHUB\External\Bullet\BulletSoftBody\btSoftBody.h(1303,4):
  	see reference to function template instantiation 'void btSoftBody::updateFace<btDbvtNode>(DBVTNODE *,bool,bool)' being compiled
          with
          [
              DBVTNODE=btDbvtNode
          ]
  
C:\Users\LCV2312792\Desktop\GITHUB\Framework\Graphics\Inc\MeshBuffer.h(20,23): warning C4267: 'argument': conversion from 'size_t' to 'uint32_t', possible loss of data
  (compiling source file 'GameState.cpp')
  C:\Users\LCV2312792\Desktop\GITHUB\Framework\Graphics\Inc\MeshBuffer.h(20,23):
  the template instantiation context (the oldest one first) is
  	C:\Users\LCV2312792\Desktop\GITHUB\VGP334\23_HelloSoftBodyPhysics\GameState.cpp(28,18):
  	see reference to function template instantiation 'void ENgines::Graphics::MeshBuffer::Initialize<ENgines::Graphics::Mesh>(const MeshType &)' being compiled
          with
          [
              MeshType=ENgines::Graphics::Mesh
          ]
  
  WinMain.cpp
C:\Users\LCV2312792\Desktop\GITHUB\External\Bullet\BulletSoftBody\btSoftBody.h(38,50): warning C4305: 'initializing': truncation from 'double' to 'btScalar'
  (compiling source file 'WinMain.cpp')
  
C:\Users\LCV2312792\Desktop\GITHUB\External\Bullet\BulletSoftBody\btSoftBody.h(1232,17): warning C4244: 'initializing': conversion from 'double' to 'btScalar', possible loss of data
  (compiling source file 'WinMain.cpp')
  
C:\Users\LCV2312792\Desktop\GITHUB\External\Bullet\BulletSoftBody\btSoftBody.h(1357,21): warning C4244: '+=': conversion from 'double' to 'btScalar', possible loss of data
  (compiling source file 'WinMain.cpp')
  
C:\Users\LCV2312792\Desktop\GITHUB\External\Bullet\BulletSoftBody\btSoftBody.h(1361,21): warning C4244: 'initializing': conversion from 'double' to 'btScalar', possible loss of data
  (compiling source file 'WinMain.cpp')
  
C:\Users\LCV2312792\Desktop\GITHUB\External\Bullet\BulletSoftBody\btSoftBody.h(1385,20): warning C4244: '=': conversion from 'double' to 'btScalar', possible loss of data
  (compiling source file 'WinMain.cpp')
  
C:\Users\LCV2312792\Desktop\GITHUB\External\Bullet\BulletSoftBody\btSoftBody.h(1387,23): warning C4244: '=': conversion from 'double' to 'btScalar', possible loss of data
  (compiling source file 'WinMain.cpp')
  
C:\Users\LCV2312792\Desktop\GITHUB\External\Bullet\BulletSoftBody\btSoftBody.h(1269,17): warning C4244: 'initializing': conversion from 'double' to 'btScalar', possible loss of data
  (compiling source file 'WinMain.cpp')
  C:\Users\LCV2312792\Desktop\GITHUB\External\Bullet\BulletSoftBody\btSoftBody.h(1269,17):
  the template instantiation context (the oldest one first) is
  	C:\Users\LCV2312792\Desktop\GITHUB\External\Bullet\BulletSoftBody\btSoftBody.h(1303,4):
  	see reference to function template instantiation 'void btSoftBody::updateFace<btDbvtNode>(DBVTNODE *,bool,bool)' being compiled
          with
          [
              DBVTNODE=btDbvtNode
          ]
  
  Generating Code...
  23_HelloSoftBodyPhysics.vcxproj -> C:\Users\LCV2312792\Desktop\GITHUB\x64\Debug\23_HelloSoftBodyPhysics.exe
