c:\users\ethan\onedrive\desktop\school work\engines\vgp336\31_hellogameworld\x64\debug\vc143.pdb
c:\users\ethan\onedrive\desktop\school work\engines\vgp336\31_hellogameworld\x64\debug\vc143.idb
c:\users\ethan\onedrive\desktop\school work\engines\vgp336\31_hellogameworld\x64\debug\winmain.obj
c:\users\ethan\onedrive\desktop\school work\engines\vgp336\31_hellogameworld\x64\debug\gamestate.obj
c:\users\ethan\onedrive\desktop\school work\engines\vgp336\31_hellogameworld\x64\debug\customdebugdrawservice.obj
c:\users\ethan\onedrive\desktop\school work\engines\vgp336\31_hellogameworld\x64\debug\customdebugdrawcomponent.obj
c:\users\ethan\onedrive\desktop\school work\engines\x64\debug\31_hellogameworld.pdb
c:\users\ethan\onedrive\desktop\school work\engines\vgp336\31_hellogameworld\x64\debug\31_hello.ba6b67a6.tlog\cl.command.1.tlog
c:\users\ethan\onedrive\desktop\school work\engines\vgp336\31_hellogameworld\x64\debug\31_hello.ba6b67a6.tlog\cl.read.1.tlog
c:\users\ethan\onedrive\desktop\school work\engines\vgp336\31_hellogameworld\x64\debug\31_hello.ba6b67a6.tlog\cl.write.1.tlog
c:\users\ethan\onedrive\desktop\school work\engines\vgp336\31_hellogameworld\x64\debug\31_hello.ba6b67a6.tlog\link-cvtres.read.1.tlog
c:\users\ethan\onedrive\desktop\school work\engines\vgp336\31_hellogameworld\x64\debug\31_hello.ba6b67a6.tlog\link-cvtres.write.1.tlog
c:\users\ethan\onedrive\desktop\school work\engines\vgp336\31_hellogameworld\x64\debug\31_hello.ba6b67a6.tlog\link-rc.read.1.tlog
c:\users\ethan\onedrive\desktop\school work\engines\vgp336\31_hellogameworld\x64\debug\31_hello.ba6b67a6.tlog\link-rc.write.1.tlog
c:\users\ethan\onedrive\desktop\school work\engines\vgp336\31_hellogameworld\x64\debug\31_hello.ba6b67a6.tlog\link.command.1.tlog
c:\users\ethan\onedrive\desktop\school work\engines\vgp336\31_hellogameworld\x64\debug\31_hello.ba6b67a6.tlog\link.read.1.tlog
c:\users\ethan\onedrive\desktop\school work\engines\vgp336\31_hellogameworld\x64\debug\31_hello.ba6b67a6.tlog\link.read.2.tlog
c:\users\ethan\onedrive\desktop\school work\engines\vgp336\31_hellogameworld\x64\debug\31_hello.ba6b67a6.tlog\link.read.3.tlog
c:\users\ethan\onedrive\desktop\school work\engines\vgp336\31_hellogameworld\x64\debug\31_hello.ba6b67a6.tlog\link.read.4.tlog
c:\users\ethan\onedrive\desktop\school work\engines\vgp336\31_hellogameworld\x64\debug\31_hello.ba6b67a6.tlog\link.write.1.tlog
