  GameState.cpp
C:\Users\ethan\OneDrive\Desktop\School Work\ENgines\External\Bullet\BulletSoftBody\btSoftBody.h(38,50): warning C4305: 'initializing': truncation from 'double' to 'btScalar'
  (compiling source file '../../VGP334/25_HelloAudioEvents/GameState.cpp')
  
C:\Users\ethan\OneDrive\Desktop\School Work\ENgines\External\Bullet\BulletSoftBody\btSoftBody.h(1232,17): warning C4244: 'initializing': conversion from 'double' to 'btScalar', possible loss of data
  (compiling source file '../../VGP334/25_HelloAudioEvents/GameState.cpp')
  
C:\Users\ethan\OneDrive\Desktop\School Work\ENgines\External\Bullet\BulletSoftBody\btSoftBody.h(1357,21): warning C4244: '+=': conversion from 'double' to 'btScalar', possible loss of data
  (compiling source file '../../VGP334/25_HelloAudioEvents/GameState.cpp')
  
C:\Users\ethan\OneDrive\Desktop\School Work\ENgines\External\Bullet\BulletSoftBody\btSoftBody.h(1361,21): warning C4244: 'initializing': conversion from 'double' to 'btScalar', possible loss of data
  (compiling source file '../../VGP334/25_HelloAudioEvents/GameState.cpp')
  
C:\Users\ethan\OneDrive\Desktop\School Work\ENgines\External\Bullet\BulletSoftBody\btSoftBody.h(1385,20): warning C4244: '=': conversion from 'double' to 'btScalar', possible loss of data
  (compiling source file '../../VGP334/25_HelloAudioEvents/GameState.cpp')
  
C:\Users\ethan\OneDrive\Desktop\School Work\ENgines\External\Bullet\BulletSoftBody\btSoftBody.h(1387,23): warning C4244: '=': conversion from 'double' to 'btScalar', possible loss of data
  (compiling source file '../../VGP334/25_HelloAudioEvents/GameState.cpp')
  
C:\Users\ethan\OneDrive\Desktop\School Work\ENgines\VGP334\25_HelloAudioEvents\GameState.cpp(154,29): error C2668: 'ENgines::Audio::SoundEffectManager::Play': ambiguous call to overloaded function
      C:\Users\ethan\OneDrive\Desktop\School Work\ENgines\Framework\Audio\Inc\SoundEffectManager.h(27,8):
      could be 'void ENgines::Audio::SoundEffectManager::Play(ENgines::Audio::SoundId,float,bool)'
      C:\Users\ethan\OneDrive\Desktop\School Work\ENgines\Framework\Audio\Inc\SoundEffectManager.h(26,8):
      or       'void ENgines::Audio::SoundEffectManager::Play(ENgines::Audio::SoundId,bool)'
      C:\Users\ethan\OneDrive\Desktop\School Work\ENgines\VGP334\25_HelloAudioEvents\GameState.cpp(154,29):
      while trying to match the argument list '(ENgines::Audio::SoundId)'
  
C:\Users\ethan\OneDrive\Desktop\School Work\ENgines\VGP334\25_HelloAudioEvents\GameState.cpp(159,29): error C2668: 'ENgines::Audio::SoundEffectManager::Play': ambiguous call to overloaded function
      C:\Users\ethan\OneDrive\Desktop\School Work\ENgines\Framework\Audio\Inc\SoundEffectManager.h(27,8):
      could be 'void ENgines::Audio::SoundEffectManager::Play(ENgines::Audio::SoundId,float,bool)'
      C:\Users\ethan\OneDrive\Desktop\School Work\ENgines\Framework\Audio\Inc\SoundEffectManager.h(26,8):
      or       'void ENgines::Audio::SoundEffectManager::Play(ENgines::Audio::SoundId,bool)'
      C:\Users\ethan\OneDrive\Desktop\School Work\ENgines\VGP334\25_HelloAudioEvents\GameState.cpp(159,29):
      while trying to match the argument list '(const ENgines::Audio::SoundId)'
  
C:\Users\ethan\OneDrive\Desktop\School Work\ENgines\VGP334\25_HelloAudioEvents\GameState.cpp(164,29): error C2668: 'ENgines::Audio::SoundEffectManager::Play': ambiguous call to overloaded function
      C:\Users\ethan\OneDrive\Desktop\School Work\ENgines\Framework\Audio\Inc\SoundEffectManager.h(27,8):
      could be 'void ENgines::Audio::SoundEffectManager::Play(ENgines::Audio::SoundId,float,bool)'
      C:\Users\ethan\OneDrive\Desktop\School Work\ENgines\Framework\Audio\Inc\SoundEffectManager.h(26,8):
      or       'void ENgines::Audio::SoundEffectManager::Play(ENgines::Audio::SoundId,bool)'
      C:\Users\ethan\OneDrive\Desktop\School Work\ENgines\VGP334\25_HelloAudioEvents\GameState.cpp(164,29):
      while trying to match the argument list '(const ENgines::Audio::SoundId)'
  
C:\Users\ethan\OneDrive\Desktop\School Work\ENgines\VGP334\25_HelloAudioEvents\GameState.cpp(169,29): error C2668: 'ENgines::Audio::SoundEffectManager::Play': ambiguous call to overloaded function
      C:\Users\ethan\OneDrive\Desktop\School Work\ENgines\Framework\Audio\Inc\SoundEffectManager.h(27,8):
      could be 'void ENgines::Audio::SoundEffectManager::Play(ENgines::Audio::SoundId,float,bool)'
      C:\Users\ethan\OneDrive\Desktop\School Work\ENgines\Framework\Audio\Inc\SoundEffectManager.h(26,8):
      or       'void ENgines::Audio::SoundEffectManager::Play(ENgines::Audio::SoundId,bool)'
      C:\Users\ethan\OneDrive\Desktop\School Work\ENgines\VGP334\25_HelloAudioEvents\GameState.cpp(169,29):
      while trying to match the argument list '(ENgines::Audio::SoundId)'
  
C:\Users\ethan\OneDrive\Desktop\School Work\ENgines\VGP334\25_HelloAudioEvents\GameState.cpp(173,29): error C2668: 'ENgines::Audio::SoundEffectManager::Play': ambiguous call to overloaded function
      C:\Users\ethan\OneDrive\Desktop\School Work\ENgines\Framework\Audio\Inc\SoundEffectManager.h(27,8):
      could be 'void ENgines::Audio::SoundEffectManager::Play(ENgines::Audio::SoundId,float,bool)'
      C:\Users\ethan\OneDrive\Desktop\School Work\ENgines\Framework\Audio\Inc\SoundEffectManager.h(26,8):
      or       'void ENgines::Audio::SoundEffectManager::Play(ENgines::Audio::SoundId,bool)'
      C:\Users\ethan\OneDrive\Desktop\School Work\ENgines\VGP334\25_HelloAudioEvents\GameState.cpp(173,29):
      while trying to match the argument list '(ENgines::Audio::SoundId)'
  
  WinMain.cpp
C:\Users\ethan\OneDrive\Desktop\School Work\ENgines\External\Bullet\BulletSoftBody\btSoftBody.h(38,50): warning C4305: 'initializing': truncation from 'double' to 'btScalar'
  (compiling source file '../../VGP334/25_HelloAudioEvents/WinMain.cpp')
  
C:\Users\ethan\OneDrive\Desktop\School Work\ENgines\External\Bullet\BulletSoftBody\btSoftBody.h(1232,17): warning C4244: 'initializing': conversion from 'double' to 'btScalar', possible loss of data
  (compiling source file '../../VGP334/25_HelloAudioEvents/WinMain.cpp')
  
C:\Users\ethan\OneDrive\Desktop\School Work\ENgines\External\Bullet\BulletSoftBody\btSoftBody.h(1357,21): warning C4244: '+=': conversion from 'double' to 'btScalar', possible loss of data
  (compiling source file '../../VGP334/25_HelloAudioEvents/WinMain.cpp')
  
C:\Users\ethan\OneDrive\Desktop\School Work\ENgines\External\Bullet\BulletSoftBody\btSoftBody.h(1361,21): warning C4244: 'initializing': conversion from 'double' to 'btScalar', possible loss of data
  (compiling source file '../../VGP334/25_HelloAudioEvents/WinMain.cpp')
  
C:\Users\ethan\OneDrive\Desktop\School Work\ENgines\External\Bullet\BulletSoftBody\btSoftBody.h(1385,20): warning C4244: '=': conversion from 'double' to 'btScalar', possible loss of data
  (compiling source file '../../VGP334/25_HelloAudioEvents/WinMain.cpp')
  
C:\Users\ethan\OneDrive\Desktop\School Work\ENgines\External\Bullet\BulletSoftBody\btSoftBody.h(1387,23): warning C4244: '=': conversion from 'double' to 'btScalar', possible loss of data
  (compiling source file '../../VGP334/25_HelloAudioEvents/WinMain.cpp')
  
C:\Users\ethan\OneDrive\Desktop\School Work\ENgines\External\Bullet\BulletSoftBody\btSoftBody.h(1269,17): warning C4244: 'initializing': conversion from 'double' to 'btScalar', possible loss of data
  (compiling source file '../../VGP334/25_HelloAudioEvents/WinMain.cpp')
      C:\Users\ethan\OneDrive\Desktop\School Work\ENgines\External\Bullet\BulletSoftBody\btSoftBody.h(1269,17):
      the template instantiation context (the oldest one first) is
          C:\Users\ethan\OneDrive\Desktop\School Work\ENgines\External\Bullet\BulletSoftBody\btSoftBody.h(1303,4):
          see reference to function template instantiation 'void btSoftBody::updateFace<btDbvtNode>(DBVTNODE *,bool,bool)' being compiled
          with
          [
              DBVTNODE=btDbvtNode
          ]
  
  Generating Code...
