  GameState.cpp
C:\Users\ethan\OneDrive\Desktop\School Work\ENgines\External\Bullet\BulletSoftBody\btSoftBody.h(38,50): warning C4305: 'initializing': truncation from 'double' to 'btScalar'
  (compiling source file 'GameState.cpp')
  
C:\Users\ethan\OneDrive\Desktop\School Work\ENgines\External\Bullet\BulletSoftBody\btSoftBody.h(1232,17): warning C4244: 'initializing': conversion from 'double' to 'btScalar', possible loss of data
  (compiling source file 'GameState.cpp')
  
C:\Users\ethan\OneDrive\Desktop\School Work\ENgines\External\Bullet\BulletSoftBody\btSoftBody.h(1357,21): warning C4244: '+=': conversion from 'double' to 'btScalar', possible loss of data
  (compiling source file 'GameState.cpp')
  
C:\Users\ethan\OneDrive\Desktop\School Work\ENgines\External\Bullet\BulletSoftBody\btSoftBody.h(1361,21): warning C4244: 'initializing': conversion from 'double' to 'btScalar', possible loss of data
  (compiling source file 'GameState.cpp')
  
C:\Users\ethan\OneDrive\Desktop\School Work\ENgines\External\Bullet\BulletSoftBody\btSoftBody.h(1385,20): warning C4244: '=': conversion from 'double' to 'btScalar', possible loss of data
  (compiling source file 'GameState.cpp')
  
C:\Users\ethan\OneDrive\Desktop\School Work\ENgines\External\Bullet\BulletSoftBody\btSoftBody.h(1387,23): warning C4244: '=': conversion from 'double' to 'btScalar', possible loss of data
  (compiling source file 'GameState.cpp')
  
C:\Users\ethan\OneDrive\Desktop\School Work\ENgines\External\Bullet\BulletSoftBody\btSoftBody.h(1269,17): warning C4244: 'initializing': conversion from 'double' to 'btScalar', possible loss of data
  (compiling source file 'GameState.cpp')
      C:\Users\ethan\OneDrive\Desktop\School Work\ENgines\External\Bullet\BulletSoftBody\btSoftBody.h(1269,17):
      the template instantiation context (the oldest one first) is
          C:\Users\ethan\OneDrive\Desktop\School Work\ENgines\External\Bullet\BulletSoftBody\btSoftBody.h(1303,4):
          see reference to function template instantiation 'void btSoftBody::updateFace<btDbvtNode>(DBVTNODE *,bool,bool)' being compiled
          with
          [
              DBVTNODE=btDbvtNode
          ]
  
C:\Users\ethan\OneDrive\Desktop\School Work\ENgines\Framework\Graphics\Inc\MeshBuffer.h(20,23): warning C4267: 'argument': conversion from 'size_t' to 'uint32_t', possible loss of data
  (compiling source file 'GameState.cpp')
      C:\Users\ethan\OneDrive\Desktop\School Work\ENgines\Framework\Graphics\Inc\MeshBuffer.h(20,23):
      the template instantiation context (the oldest one first) is
          C:\Users\ethan\OneDrive\Desktop\School Work\ENgines\VGP330\11_HelloCelShading\GameState.cpp(24,21):
          see reference to function template instantiation 'void ENgines::Graphics::MeshBuffer::Initialize<ENgines::Graphics::Mesh>(const MeshType &)' being compiled
          with
          [
              MeshType=ENgines::Graphics::Mesh
          ]
  
  WinMain.cpp
C:\Users\ethan\OneDrive\Desktop\School Work\ENgines\External\Bullet\BulletSoftBody\btSoftBody.h(38,50): warning C4305: 'initializing': truncation from 'double' to 'btScalar'
  (compiling source file 'WinMain.cpp')
  
C:\Users\ethan\OneDrive\Desktop\School Work\ENgines\External\Bullet\BulletSoftBody\btSoftBody.h(1232,17): warning C4244: 'initializing': conversion from 'double' to 'btScalar', possible loss of data
  (compiling source file 'WinMain.cpp')
  
C:\Users\ethan\OneDrive\Desktop\School Work\ENgines\External\Bullet\BulletSoftBody\btSoftBody.h(1357,21): warning C4244: '+=': conversion from 'double' to 'btScalar', possible loss of data
  (compiling source file 'WinMain.cpp')
  
C:\Users\ethan\OneDrive\Desktop\School Work\ENgines\External\Bullet\BulletSoftBody\btSoftBody.h(1361,21): warning C4244: 'initializing': conversion from 'double' to 'btScalar', possible loss of data
  (compiling source file 'WinMain.cpp')
  
C:\Users\ethan\OneDrive\Desktop\School Work\ENgines\External\Bullet\BulletSoftBody\btSoftBody.h(1385,20): warning C4244: '=': conversion from 'double' to 'btScalar', possible loss of data
  (compiling source file 'WinMain.cpp')
  
C:\Users\ethan\OneDrive\Desktop\School Work\ENgines\External\Bullet\BulletSoftBody\btSoftBody.h(1387,23): warning C4244: '=': conversion from 'double' to 'btScalar', possible loss of data
  (compiling source file 'WinMain.cpp')
  
C:\Users\ethan\OneDrive\Desktop\School Work\ENgines\External\Bullet\BulletSoftBody\btSoftBody.h(1269,17): warning C4244: 'initializing': conversion from 'double' to 'btScalar', possible loss of data
  (compiling source file '../../VGP330/11_HelloCelShading/WinMain.cpp')
      C:\Users\ethan\OneDrive\Desktop\School Work\ENgines\External\Bullet\BulletSoftBody\btSoftBody.h(1269,17):
      the template instantiation context (the oldest one first) is
          C:\Users\ethan\OneDrive\Desktop\School Work\ENgines\External\Bullet\BulletSoftBody\btSoftBody.h(1303,4):
          see reference to function template instantiation 'void btSoftBody::updateFace<btDbvtNode>(DBVTNODE *,bool,bool)' being compiled
          with
          [
              DBVTNODE=btDbvtNode
          ]
  
  Generating Code...
LINK : fatal error LNK1104: cannot open file 'C:\Users\ethan\OneDrive\Desktop\School Work\ENgines\x64\Debug\Graphics.lib'
