  GameState.cpp
C:\Users\ethan\OneDrive\Desktop\School Work\ENgines\Framework\Graphics\Inc\Model.h(27,19): error C2065: 'Skeleton': undeclared identifier
  (compiling source file 'GameState.cpp')
  
C:\Users\ethan\OneDrive\Desktop\School Work\ENgines\Framework\Graphics\Inc\Model.h(27,8): error C2923: 'std::unique_ptr': 'Skeleton' is not a valid template type argument for parameter '_Ty'
  (compiling source file 'GameState.cpp')
      C:\Users\ethan\OneDrive\Desktop\School Work\ENgines\Framework\Graphics\Inc\Model.h(27,19):
      see declaration of 'Skeleton'
  
C:\Users\ethan\OneDrive\Desktop\School Work\ENgines\Framework\Graphics\Inc\Model.h(27,8): error C2976: 'std::unique_ptr': too few template arguments
  (compiling source file 'GameState.cpp')
      C:\Program Files\Microsoft Visual Studio\2022\Community\VC\Tools\MSVC\14.41.34120\include\memory(3335,7):
      see declaration of 'std::unique_ptr'
  
C:\Users\ethan\OneDrive\Desktop\School Work\ENgines\Framework\Graphics\Inc\Model.h(27,29): error C2955: 'std::unique_ptr': use of class template requires template argument list
  (compiling source file 'GameState.cpp')
      C:\Program Files\Microsoft Visual Studio\2022\Community\VC\Tools\MSVC\14.41.34120\include\memory(3335,7):
      see declaration of 'std::unique_ptr'
  
C:\Users\ethan\OneDrive\Desktop\School Work\ENgines\VGP242\08_HelloSolarSystem\GameState.cpp(28,4): warning C4305: 'initializing': truncation from 'double' to 'float'
C:\Users\ethan\OneDrive\Desktop\School Work\ENgines\VGP242\08_HelloSolarSystem\GameState.cpp(29,4): warning C4305: 'initializing': truncation from 'double' to 'float'
C:\Users\ethan\OneDrive\Desktop\School Work\ENgines\VGP242\08_HelloSolarSystem\GameState.cpp(30,4): warning C4305: 'initializing': truncation from 'double' to 'float'
C:\Users\ethan\OneDrive\Desktop\School Work\ENgines\VGP242\08_HelloSolarSystem\GameState.cpp(32,4): warning C4305: 'initializing': truncation from 'double' to 'float'
C:\Users\ethan\OneDrive\Desktop\School Work\ENgines\VGP242\08_HelloSolarSystem\GameState.cpp(33,4): warning C4305: 'initializing': truncation from 'double' to 'float'
C:\Users\ethan\OneDrive\Desktop\School Work\ENgines\VGP242\08_HelloSolarSystem\GameState.cpp(34,4): warning C4305: 'initializing': truncation from 'double' to 'float'
C:\Users\ethan\OneDrive\Desktop\School Work\ENgines\VGP242\08_HelloSolarSystem\GameState.cpp(56,2): warning C4305: 'initializing': truncation from 'double' to 'float'
C:\Users\ethan\OneDrive\Desktop\School Work\ENgines\VGP242\08_HelloSolarSystem\GameState.cpp(57,2): warning C4305: 'initializing': truncation from 'double' to 'float'
C:\Users\ethan\OneDrive\Desktop\School Work\ENgines\VGP242\08_HelloSolarSystem\GameState.cpp(58,2): warning C4305: 'initializing': truncation from 'double' to 'float'
C:\Users\ethan\OneDrive\Desktop\School Work\ENgines\VGP242\08_HelloSolarSystem\GameState.cpp(60,2): warning C4305: 'initializing': truncation from 'double' to 'float'
C:\Users\ethan\OneDrive\Desktop\School Work\ENgines\VGP242\08_HelloSolarSystem\GameState.cpp(62,2): warning C4305: 'initializing': truncation from 'double' to 'float'
C:\Users\ethan\OneDrive\Desktop\School Work\ENgines\VGP242\08_HelloSolarSystem\GameState.cpp(185,24): warning C4305: 'initializing': truncation from 'double' to 'float'
C:\Users\ethan\OneDrive\Desktop\School Work\ENgines\VGP242\08_HelloSolarSystem\GameState.cpp(186,25): warning C4305: 'initializing': truncation from 'double' to 'float'
  WinMain.cpp
C:\Users\ethan\OneDrive\Desktop\School Work\ENgines\Framework\Graphics\Inc\Model.h(27,19): error C2065: 'Skeleton': undeclared identifier
  (compiling source file '../../VGP242/08_HelloSolarSystem/WinMain.cpp')
  
C:\Users\ethan\OneDrive\Desktop\School Work\ENgines\Framework\Graphics\Inc\Model.h(27,8): error C2923: 'std::unique_ptr': 'Skeleton' is not a valid template type argument for parameter '_Ty'
  (compiling source file '../../VGP242/08_HelloSolarSystem/WinMain.cpp')
      C:\Users\ethan\OneDrive\Desktop\School Work\ENgines\Framework\Graphics\Inc\Model.h(27,19):
      see declaration of 'Skeleton'
  
C:\Users\ethan\OneDrive\Desktop\School Work\ENgines\Framework\Graphics\Inc\Model.h(27,8): error C2976: 'std::unique_ptr': too few template arguments
  (compiling source file '../../VGP242/08_HelloSolarSystem/WinMain.cpp')
      C:\Program Files\Microsoft Visual Studio\2022\Community\VC\Tools\MSVC\14.41.34120\include\memory(3335,7):
      see declaration of 'std::unique_ptr'
  
C:\Users\ethan\OneDrive\Desktop\School Work\ENgines\Framework\Graphics\Inc\Model.h(27,29): error C2955: 'std::unique_ptr': use of class template requires template argument list
  (compiling source file '../../VGP242/08_HelloSolarSystem/WinMain.cpp')
      C:\Program Files\Microsoft Visual Studio\2022\Community\VC\Tools\MSVC\14.41.34120\include\memory(3335,7):
      see declaration of 'std::unique_ptr'
  
  Generating Code...
