c:\users\ethan\onedrive\desktop\school work\engines\engines\x64\debug\graphics.pdb
c:\users\ethan\onedrive\desktop\school work\engines\engines\x64\debug\graphics.idb
c:\users\ethan\onedrive\desktop\school work\engines\engines\framework\graphics\x64\debug\vertexshader.obj
c:\users\ethan\onedrive\desktop\school work\engines\engines\framework\graphics\x64\debug\pixelshader.obj
c:\users\ethan\onedrive\desktop\school work\engines\engines\framework\graphics\x64\debug\meshbuffer.obj
c:\users\ethan\onedrive\desktop\school work\engines\engines\framework\graphics\x64\debug\graphicssystem.obj
c:\users\ethan\onedrive\desktop\school work\engines\engines\framework\graphics\x64\debug\constantbuffer.obj
c:\users\ethan\onedrive\desktop\school work\engines\engines\framework\graphics\x64\debug\camera.obj
c:\users\ethan\onedrive\desktop\school work\engines\engines\framework\graphics\x64\debug\texture.obj
c:\users\ethan\onedrive\desktop\school work\engines\engines\framework\graphics\x64\debug\sampler.obj
c:\users\ethan\onedrive\desktop\school work\engines\engines\framework\graphics\x64\debug\meshbuilder.obj
c:\users\ethan\onedrive\desktop\school work\engines\engines\framework\graphics\x64\debug\graphics.pch
c:\users\ethan\onedrive\desktop\school work\engines\engines\framework\graphics\x64\debug\precompiled.obj
c:\users\ethan\onedrive\desktop\school work\engines\engines\framework\graphics\x64\debug\debugui.obj
c:\users\ethan\onedrive\desktop\school work\engines\engines\framework\graphics\x64\debug\simpledraw.obj
c:\users\ethan\onedrive\desktop\school work\engines\engines\framework\graphics\x64\debug\blendstate.obj
c:\users\ethan\onedrive\desktop\school work\engines\engines\framework\graphics\x64\debug\rendertarget.obj
c:\users\ethan\onedrive\desktop\school work\engines\engines\framework\graphics\x64\debug\texturecache.obj
c:\users\ethan\onedrive\desktop\school work\engines\engines\framework\graphics\x64\debug\standardeffect.obj
c:\users\ethan\onedrive\desktop\school work\engines\engines\framework\graphics\x64\debug\renderobject.obj
c:\users\ethan\onedrive\desktop\school work\engines\engines\x64\debug\graphics.lib
c:\users\ethan\onedrive\desktop\school work\engines\engines\framework\graphics\x64\debug\graphics.tlog\cl.command.1.tlog
c:\users\ethan\onedrive\desktop\school work\engines\engines\framework\graphics\x64\debug\graphics.tlog\cl.items.tlog
c:\users\ethan\onedrive\desktop\school work\engines\engines\framework\graphics\x64\debug\graphics.tlog\cl.read.1.tlog
c:\users\ethan\onedrive\desktop\school work\engines\engines\framework\graphics\x64\debug\graphics.tlog\cl.write.1.tlog
c:\users\ethan\onedrive\desktop\school work\engines\engines\framework\graphics\x64\debug\graphics.tlog\lib-link.read.1.tlog
c:\users\ethan\onedrive\desktop\school work\engines\engines\framework\graphics\x64\debug\graphics.tlog\lib-link.write.1.tlog
c:\users\ethan\onedrive\desktop\school work\engines\engines\framework\graphics\x64\debug\graphics.tlog\lib.command.1.tlog
