C:\Users\ethan\OneDrive\Desktop\School Work\ENgines\VSProps\ENgines.props(4,5): warning MSB4011: "C:\Users\ethan\OneDrive\Desktop\School Work\ENgines\VSProps\Common\Common.props" cannot be imported again. It was already imported at "C:\Users\ethan\OneDrive\Desktop\School Work\ENgines\VSProps\FrameworkLib.props (4,3)". This is most likely a build authoring error. This subsequent import will be ignored. [C:\Users\ethan\OneDrive\Desktop\School Work\ENgines\Framework\Core\Core.vcxproj]
  ModelIO.cpp
C:\Users\ethan\OneDrive\Desktop\School Work\ENgines\Framework\Graphics\Inc\ModelIO.cpp(11,17): warning C4267: 'initializing': conversion from 'size_t' to 'uint32_t', possible loss of data
  (compiling source file '/Inc/ModelIO.cpp')
  
C:\Users\ethan\OneDrive\Desktop\School Work\ENgines\Framework\Graphics\Inc\ModelIO.cpp(17,38): warning C4267: '=': conversion from 'size_t' to 'uint32_t', possible loss of data
  (compiling source file '/Inc/ModelIO.cpp')
  
C:\Users\ethan\OneDrive\Desktop\School Work\ENgines\Framework\Graphics\Inc\ModelIO.cpp(23,35): warning C4267: '=': conversion from 'size_t' to 'uint32_t', possible loss of data
  (compiling source file '/Inc/ModelIO.cpp')
  
C:\Users\ethan\OneDrive\Desktop\School Work\ENgines\Framework\Graphics\Inc\ModelIO.cpp(249,21): warning C4267: 'initializing': conversion from 'size_t' to 'uint32_t', possible loss of data
  (compiling source file '/Inc/ModelIO.cpp')
  
C:\Users\ethan\OneDrive\Desktop\School Work\ENgines\Framework\Graphics\Inc\ModelIO.cpp(259,23): warning C4267: 'initializing': conversion from 'size_t' to 'uint32_t', possible loss of data
  (compiling source file '/Inc/ModelIO.cpp')
  
C:\Users\ethan\OneDrive\Desktop\School Work\ENgines\Framework\Graphics\Inc\ModelIO.cpp(352,25): warning C4267: 'initializing': conversion from 'size_t' to 'uint32_t', possible loss of data
  (compiling source file '/Inc/ModelIO.cpp')
  
C:\Users\ethan\OneDrive\Desktop\School Work\ENgines\Framework\Graphics\Inc\ModelIO.cpp(361,26): warning C4267: 'initializing': conversion from 'size_t' to 'uint32_t', possible loss of data
  (compiling source file '/Inc/ModelIO.cpp')
  
  Animation.cpp
  AnimationBuilder.cpp
  AnimationUtil.cpp
  Animator.cpp
  BillBoardEffect.cpp
  GaussianBlurEffect.cpp
C:\Users\ethan\OneDrive\Desktop\School Work\ENgines\Framework\Graphics\Src\GaussianBlurEffect.cpp(72,25): warning C4018: '<': signed/unsigned mismatch
  (compiling source file '/Src/GaussianBlurEffect.cpp')
  
  ModelCache.cpp
  PostProcessingEffect.cpp
C:\Users\ethan\OneDrive\Desktop\School Work\ENgines\Framework\Graphics\Src\PostProcessingEffect.cpp(71,51): warning C4244: 'initializing': conversion from 'uint32_t' to 'float', possible loss of data
  (compiling source file '/Src/PostProcessingEffect.cpp')
  
C:\Users\ethan\OneDrive\Desktop\School Work\ENgines\Framework\Graphics\Src\PostProcessingEffect.cpp(71,27): warning C4244: 'initializing': conversion from 'uint32_t' to 'const float', possible loss of data
  (compiling source file '/Src/PostProcessingEffect.cpp')
  
C:\Users\ethan\OneDrive\Desktop\School Work\ENgines\Framework\Graphics\Src\PostProcessingEffect.cpp(72,53): warning C4244: 'initializing': conversion from 'uint32_t' to 'float', possible loss of data
  (compiling source file '/Src/PostProcessingEffect.cpp')
  
C:\Users\ethan\OneDrive\Desktop\School Work\ENgines\Framework\Graphics\Src\PostProcessingEffect.cpp(72,28): warning C4244: 'initializing': conversion from 'uint32_t' to 'const float', possible loss of data
  (compiling source file '/Src/PostProcessingEffect.cpp')
  
  RenderObject.cpp
C:\Users\ethan\OneDrive\Desktop\School Work\ENgines\Framework\Graphics\Inc\MeshBuffer.h(20,23): warning C4267: 'argument': conversion from 'size_t' to 'uint32_t', possible loss of data
  (compiling source file '/Src/RenderObject.cpp')
      C:\Users\ethan\OneDrive\Desktop\School Work\ENgines\Framework\Graphics\Inc\MeshBuffer.h(20,23):
      the template instantiation context (the oldest one first) is
          C:\Users\ethan\OneDrive\Desktop\School Work\ENgines\Framework\Graphics\Src\RenderObject.cpp(38,27):
          see reference to function template instantiation 'void ENgines::Graphics::MeshBuffer::Initialize<ENgines::Graphics::Mesh>(const MeshType &)' being compiled
          with
          [
              MeshType=ENgines::Graphics::Mesh
          ]
  
  ShadowEffect.cpp
  StandardEffect.cpp
  TerrainEffect.cpp
  Generating Code...
x64\Debug\ParticleSystemEffect.obj : warning LNK4042: object specified more than once; extras ignored
  Graphics.vcxproj -> C:\Users\ethan\OneDrive\Desktop\School Work\ENgines\x64\Debug\Graphics.lib
